<?xml version="1.0" encoding="UTF-8"?>
<testsuite xmlns:xsi="http://www.w3.org/2001/XMLSchema-instance" xsi:noNamespaceSchemaLocation="https://maven.apache.org/surefire/maven-surefire-plugin/xsd/surefire-test-report-3.0.xsd" version="3.0" name="com.auto.framework.ElementTests" time="8.784" tests="1" errors="0" skipped="0" failures="0">
  <properties>
    <property name="java.specification.version" value="17"/>
    <property name="webdriver.chrome.driver" value="/home/user/.cache/selenium/chromedriver/linux64/134.0.6998.88/chromedriver"/>
    <property name="sun.jnu.encoding" value="UTF-8"/>
    <property name="java.class.path" value="/home/user/Documents/devStuff/Spring-Boot-Automation-Framework/target/test-classes:/home/user/Documents/devStuff/Spring-Boot-Automation-Framework/target/classes:/home/user/.m2/repository/org/springframework/boot/spring-boot-starter/3.1.3/spring-boot-starter-3.1.3.jar:/home/user/.m2/repository/org/springframework/boot/spring-boot/3.1.3/spring-boot-3.1.3.jar:/home/user/.m2/repository/org/springframework/spring-context/6.0.11/spring-context-6.0.11.jar:/home/user/.m2/repository/org/springframework/spring-aop/6.0.11/spring-aop-6.0.11.jar:/home/user/.m2/repository/org/springframework/spring-beans/6.0.11/spring-beans-6.0.11.jar:/home/user/.m2/repository/org/springframework/spring-expression/6.0.11/spring-expression-6.0.11.jar:/home/user/.m2/repository/org/springframework/boot/spring-boot-autoconfigure/3.1.3/spring-boot-autoconfigure-3.1.3.jar:/home/user/.m2/repository/org/springframework/boot/spring-boot-starter-logging/3.1.3/spring-boot-starter-logging-3.1.3.jar:/home/user/.m2/repository/ch/qos/logback/logback-classic/1.4.11/logback-classic-1.4.11.jar:/home/user/.m2/repository/ch/qos/logback/logback-core/1.4.11/logback-core-1.4.11.jar:/home/user/.m2/repository/org/apache/logging/log4j/log4j-to-slf4j/2.20.0/log4j-to-slf4j-2.20.0.jar:/home/user/.m2/repository/org/apache/logging/log4j/log4j-api/2.20.0/log4j-api-2.20.0.jar:/home/user/.m2/repository/org/slf4j/jul-to-slf4j/2.0.7/jul-to-slf4j-2.0.7.jar:/home/user/.m2/repository/jakarta/annotation/jakarta.annotation-api/2.1.1/jakarta.annotation-api-2.1.1.jar:/home/user/.m2/repository/org/springframework/spring-core/6.0.11/spring-core-6.0.11.jar:/home/user/.m2/repository/org/springframework/spring-jcl/6.0.11/spring-jcl-6.0.11.jar:/home/user/.m2/repository/org/yaml/snakeyaml/1.33/snakeyaml-1.33.jar:/home/user/.m2/repository/org/projectlombok/lombok/1.18.28/lombok-1.18.28.jar:/home/user/.m2/repository/org/springframework/boot/spring-boot-starter-test/3.1.3/spring-boot-starter-test-3.1.3.jar:/home/user/.m2/repository/org/springframework/boot/spring-boot-test/3.1.3/spring-boot-test-3.1.3.jar:/home/user/.m2/repository/org/springframework/boot/spring-boot-test-autoconfigure/3.1.3/spring-boot-test-autoconfigure-3.1.3.jar:/home/user/.m2/repository/com/jayway/jsonpath/json-path/2.8.0/json-path-2.8.0.jar:/home/user/.m2/repository/jakarta/xml/bind/jakarta.xml.bind-api/4.0.0/jakarta.xml.bind-api-4.0.0.jar:/home/user/.m2/repository/jakarta/activation/jakarta.activation-api/2.1.2/jakarta.activation-api-2.1.2.jar:/home/user/.m2/repository/net/minidev/json-smart/2.4.11/json-smart-2.4.11.jar:/home/user/.m2/repository/net/minidev/accessors-smart/2.4.11/accessors-smart-2.4.11.jar:/home/user/.m2/repository/org/ow2/asm/asm/9.3/asm-9.3.jar:/home/user/.m2/repository/org/assertj/assertj-core/3.24.2/assertj-core-3.24.2.jar:/home/user/.m2/repository/net/bytebuddy/byte-buddy/1.14.6/byte-buddy-1.14.6.jar:/home/user/.m2/repository/org/junit/jupiter/junit-jupiter/5.9.3/junit-jupiter-5.9.3.jar:/home/user/.m2/repository/org/junit/jupiter/junit-jupiter-api/5.9.3/junit-jupiter-api-5.9.3.jar:/home/user/.m2/repository/org/opentest4j/opentest4j/1.2.0/opentest4j-1.2.0.jar:/home/user/.m2/repository/org/junit/platform/junit-platform-commons/1.9.3/junit-platform-commons-1.9.3.jar:/home/user/.m2/repository/org/apiguardian/apiguardian-api/1.1.2/apiguardian-api-1.1.2.jar:/home/user/.m2/repository/org/junit/jupiter/junit-jupiter-params/5.9.3/junit-jupiter-params-5.9.3.jar:/home/user/.m2/repository/org/junit/jupiter/junit-jupiter-engine/5.9.3/junit-jupiter-engine-5.9.3.jar:/home/user/.m2/repository/org/junit/platform/junit-platform-engine/1.9.3/junit-platform-engine-1.9.3.jar:/home/user/.m2/repository/org/mockito/mockito-core/5.3.1/mockito-core-5.3.1.jar:/home/user/.m2/repository/net/bytebuddy/byte-buddy-agent/1.14.6/byte-buddy-agent-1.14.6.jar:/home/user/.m2/repository/org/objenesis/objenesis/3.3/objenesis-3.3.jar:/home/user/.m2/repository/org/mockito/mockito-junit-jupiter/5.3.1/mockito-junit-jupiter-5.3.1.jar:/home/user/.m2/repository/org/skyscreamer/jsonassert/1.5.1/jsonassert-1.5.1.jar:/home/user/.m2/repository/com/vaadin/external/google/android-json/0.0.20131108.vaadin1/android-json-0.0.20131108.vaadin1.jar:/home/user/.m2/repository/org/springframework/spring-test/6.0.11/spring-test-6.0.11.jar:/home/user/.m2/repository/org/xmlunit/xmlunit-core/2.9.1/xmlunit-core-2.9.1.jar:/home/user/.m2/repository/org/seleniumhq/selenium/selenium-java/4.29.0/selenium-java-4.29.0.jar:/home/user/.m2/repository/org/seleniumhq/selenium/selenium-api/4.29.0/selenium-api-4.29.0.jar:/home/user/.m2/repository/org/jspecify/jspecify/1.0.0/jspecify-1.0.0.jar:/home/user/.m2/repository/org/seleniumhq/selenium/selenium-chrome-driver/4.29.0/selenium-chrome-driver-4.29.0.jar:/home/user/.m2/repository/com/google/auto/service/auto-service-annotations/1.1.1/auto-service-annotations-1.1.1.jar:/home/user/.m2/repository/org/seleniumhq/selenium/selenium-chromium-driver/4.29.0/selenium-chromium-driver-4.29.0.jar:/home/user/.m2/repository/org/seleniumhq/selenium/selenium-json/4.29.0/selenium-json-4.29.0.jar:/home/user/.m2/repository/org/seleniumhq/selenium/selenium-manager/4.29.0/selenium-manager-4.29.0.jar:/home/user/.m2/repository/org/seleniumhq/selenium/selenium-devtools-v131/4.29.0/selenium-devtools-v131-4.29.0.jar:/home/user/.m2/repository/org/seleniumhq/selenium/selenium-devtools-v132/4.29.0/selenium-devtools-v132-4.29.0.jar:/home/user/.m2/repository/org/seleniumhq/selenium/selenium-devtools-v133/4.29.0/selenium-devtools-v133-4.29.0.jar:/home/user/.m2/repository/org/seleniumhq/selenium/selenium-devtools-v85/4.29.0/selenium-devtools-v85-4.29.0.jar:/home/user/.m2/repository/org/seleniumhq/selenium/selenium-edge-driver/4.29.0/selenium-edge-driver-4.29.0.jar:/home/user/.m2/repository/org/seleniumhq/selenium/selenium-firefox-driver/4.29.0/selenium-firefox-driver-4.29.0.jar:/home/user/.m2/repository/org/seleniumhq/selenium/selenium-http/4.29.0/selenium-http-4.29.0.jar:/home/user/.m2/repository/org/seleniumhq/selenium/selenium-ie-driver/4.29.0/selenium-ie-driver-4.29.0.jar:/home/user/.m2/repository/org/seleniumhq/selenium/selenium-remote-driver/4.29.0/selenium-remote-driver-4.29.0.jar:/home/user/.m2/repository/com/google/guava/guava/33.4.0-jre/guava-33.4.0-jre.jar:/home/user/.m2/repository/com/google/guava/failureaccess/1.0.2/failureaccess-1.0.2.jar:/home/user/.m2/repository/com/google/guava/listenablefuture/9999.0-empty-to-avoid-conflict-with-guava/listenablefuture-9999.0-empty-to-avoid-conflict-with-guava.jar:/home/user/.m2/repository/com/google/code/findbugs/jsr305/3.0.2/jsr305-3.0.2.jar:/home/user/.m2/repository/org/checkerframework/checker-qual/3.43.0/checker-qual-3.43.0.jar:/home/user/.m2/repository/com/google/errorprone/error_prone_annotations/2.36.0/error_prone_annotations-2.36.0.jar:/home/user/.m2/repository/com/google/j2objc/j2objc-annotations/3.0.0/j2objc-annotations-3.0.0.jar:/home/user/.m2/repository/io/opentelemetry/semconv/opentelemetry-semconv/1.28.0-alpha/opentelemetry-semconv-1.28.0-alpha.jar:/home/user/.m2/repository/io/opentelemetry/opentelemetry-api/1.25.0/opentelemetry-api-1.25.0.jar:/home/user/.m2/repository/io/opentelemetry/opentelemetry-context/1.25.0/opentelemetry-context-1.25.0.jar:/home/user/.m2/repository/io/opentelemetry/opentelemetry-exporter-logging/1.25.0/opentelemetry-exporter-logging-1.25.0.jar:/home/user/.m2/repository/io/opentelemetry/opentelemetry-sdk-metrics/1.25.0/opentelemetry-sdk-metrics-1.25.0.jar:/home/user/.m2/repository/io/opentelemetry/opentelemetry-sdk-logs/1.25.0-alpha/opentelemetry-sdk-logs-1.25.0-alpha.jar:/home/user/.m2/repository/io/opentelemetry/opentelemetry-api-logs/1.25.0-alpha/opentelemetry-api-logs-1.25.0-alpha.jar:/home/user/.m2/repository/io/opentelemetry/opentelemetry-api-events/1.25.0-alpha/opentelemetry-api-events-1.25.0-alpha.jar:/home/user/.m2/repository/io/opentelemetry/opentelemetry-sdk-common/1.25.0/opentelemetry-sdk-common-1.25.0.jar:/home/user/.m2/repository/io/opentelemetry/opentelemetry-semconv/1.25.0-alpha/opentelemetry-semconv-1.25.0-alpha.jar:/home/user/.m2/repository/io/opentelemetry/opentelemetry-sdk-extension-autoconfigure-spi/1.25.0/opentelemetry-sdk-extension-autoconfigure-spi-1.25.0.jar:/home/user/.m2/repository/io/opentelemetry/opentelemetry-sdk-extension-autoconfigure/1.46.0/opentelemetry-sdk-extension-autoconfigure-1.46.0.jar:/home/user/.m2/repository/io/opentelemetry/opentelemetry-api-incubator/1.46.0-alpha/opentelemetry-api-incubator-1.46.0-alpha.jar:/home/user/.m2/repository/io/opentelemetry/opentelemetry-sdk-trace/1.25.0/opentelemetry-sdk-trace-1.25.0.jar:/home/user/.m2/repository/io/opentelemetry/opentelemetry-sdk/1.25.0/opentelemetry-sdk-1.25.0.jar:/home/user/.m2/repository/org/seleniumhq/selenium/selenium-os/4.29.0/selenium-os-4.29.0.jar:/home/user/.m2/repository/org/apache/commons/commons-exec/1.4.0/commons-exec-1.4.0.jar:/home/user/.m2/repository/org/seleniumhq/selenium/selenium-safari-driver/4.29.0/selenium-safari-driver-4.29.0.jar:/home/user/.m2/repository/org/seleniumhq/selenium/selenium-support/4.29.0/selenium-support-4.29.0.jar:/home/user/.m2/repository/org/testng/testng/7.7.1/testng-7.7.1.jar:/home/user/.m2/repository/org/slf4j/slf4j-api/2.0.7/slf4j-api-2.0.7.jar:/home/user/.m2/repository/com/beust/jcommander/1.82/jcommander-1.82.jar:/home/user/.m2/repository/org/webjars/jquery/3.6.1/jquery-3.6.1.jar:/home/user/.m2/repository/io/github/bonigarcia/webdrivermanager/5.5.3/webdrivermanager-5.5.3.jar:/home/user/.m2/repository/com/google/code/gson/gson/2.10.1/gson-2.10.1.jar:/home/user/.m2/repository/com/github/docker-java/docker-java/3.3.3/docker-java-3.3.3.jar:/home/user/.m2/repository/com/github/docker-java/docker-java-core/3.3.3/docker-java-core-3.3.3.jar:/home/user/.m2/repository/com/github/docker-java/docker-java-api/3.3.3/docker-java-api-3.3.3.jar:/home/user/.m2/repository/com/fasterxml/jackson/core/jackson-annotations/2.15.2/jackson-annotations-2.15.2.jar:/home/user/.m2/repository/commons-io/commons-io/2.6/commons-io-2.6.jar:/home/user/.m2/repository/org/apache/commons/commons-compress/1.21/commons-compress-1.21.jar:/home/user/.m2/repository/com/fasterxml/jackson/core/jackson-databind/2.15.2/jackson-databind-2.15.2.jar:/home/user/.m2/repository/com/fasterxml/jackson/core/jackson-core/2.15.2/jackson-core-2.15.2.jar:/home/user/.m2/repository/org/bouncycastle/bcpkix-jdk18on/1.75/bcpkix-jdk18on-1.75.jar:/home/user/.m2/repository/org/bouncycastle/bcprov-jdk18on/1.75/bcprov-jdk18on-1.75.jar:/home/user/.m2/repository/org/bouncycastle/bcutil-jdk18on/1.75/bcutil-jdk18on-1.75.jar:/home/user/.m2/repository/org/slf4j/jcl-over-slf4j/2.0.7/jcl-over-slf4j-2.0.7.jar:/home/user/.m2/repository/com/github/docker-java/docker-java-transport-httpclient5/3.3.3/docker-java-transport-httpclient5-3.3.3.jar:/home/user/.m2/repository/com/github/docker-java/docker-java-transport/3.3.3/docker-java-transport-3.3.3.jar:/home/user/.m2/repository/net/java/dev/jna/jna/5.12.1/jna-5.12.1.jar:/home/user/.m2/repository/org/brotli/dec/0.1.2/dec-0.1.2.jar:/home/user/.m2/repository/org/apache/commons/commons-lang3/3.12.0/commons-lang3-3.12.0.jar:/home/user/.m2/repository/org/apache/httpcomponents/client5/httpclient5/5.2.1/httpclient5-5.2.1.jar:/home/user/.m2/repository/org/apache/httpcomponents/core5/httpcore5/5.2.2/httpcore5-5.2.2.jar:/home/user/.m2/repository/org/apache/httpcomponents/core5/httpcore5-h2/5.2.2/httpcore5-h2-5.2.2.jar:/home/user/.m2/repository/org/springframework/boot/spring-boot-configuration-processor/3.1.3/spring-boot-configuration-processor-3.1.3.jar:/home/user/.m2/repository/io/qameta/allure/allure-testng/2.24.0/allure-testng-2.24.0.jar:/home/user/.m2/repository/io/qameta/allure/allure-java-commons/2.24.0/allure-java-commons-2.24.0.jar:/home/user/.m2/repository/io/qameta/allure/allure-model/2.24.0/allure-model-2.24.0.jar:/home/user/.m2/repository/io/qameta/allure/allure-test-filter/2.24.0/allure-test-filter-2.24.0.jar:/home/user/.m2/repository/org/hamcrest/hamcrest/2.2/hamcrest-2.2.jar:/home/user/.m2/repository/org/sonarsource/scanner/maven/sonar-maven-plugin/3.9.1.2184/sonar-maven-plugin-3.9.1.2184.jar:/home/user/.m2/repository/org/sonatype/plexus/plexus-sec-dispatcher/1.4/plexus-sec-dispatcher-1.4.jar:/home/user/.m2/repository/org/sonatype/plexus/plexus-cipher/1.4/plexus-cipher-1.4.jar:/home/user/.m2/repository/org/codehaus/plexus/plexus-utils/3.2.1/plexus-utils-3.2.1.jar:/home/user/.m2/repository/org/sonarsource/scanner/api/sonar-scanner-api/2.16.2.588/sonar-scanner-api-2.16.2.588.jar:/home/user/.m2/repository/commons-lang/commons-lang/2.6/commons-lang-2.6.jar:/home/user/.m2/repository/org/aspectj/aspectjweaver/1.9.20/aspectjweaver-1.9.20.jar:/home/user/.m2/repository/com/github/javafaker/javafaker/1.0.2/javafaker-1.0.2.jar:/home/user/.m2/repository/org/yaml/snakeyaml/1.23/snakeyaml-1.23-android.jar:/home/user/.m2/repository/com/github/mifmif/generex/1.0.2/generex-1.0.2.jar:/home/user/.m2/repository/dk/brics/automaton/automaton/1.11-8/automaton-1.11-8.jar:"/>
    <property name="java.vm.vendor" value="Ubuntu"/>
    <property name="sun.arch.data.model" value="64"/>
    <property name="java.vendor.url" value="https://ubuntu.com/"/>
    <property name="user.timezone" value="Europe/Bucharest"/>
    <property name="os.name" value="Linux"/>
    <property name="java.vm.specification.version" value="17"/>
    <property name="user.country" value="US"/>
    <property name="sun.java.launcher" value="SUN_STANDARD"/>
    <property name="sun.boot.library.path" value="/usr/lib/jvm/java-17-openjdk-amd64/lib"/>
    <property name="sun.java.command" value="/home/user/Documents/devStuff/Spring-Boot-Automation-Framework/target/surefire/surefirebooter-20250318221315833_3.jar /home/user/Documents/devStuff/Spring-Boot-Automation-Framework/target/surefire 2025-03-18T22-13-15_718-jvmRun1 surefire-20250318221315833_1tmp surefire_0-20250318221315833_2tmp"/>
    <property name="jdk.debug" value="release"/>
    <property name="test" value="com.auto.framework.ElementTests#sanityCheck"/>
    <property name="surefire.test.class.path" value="/home/user/Documents/devStuff/Spring-Boot-Automation-Framework/target/test-classes:/home/user/Documents/devStuff/Spring-Boot-Automation-Framework/target/classes:/home/user/.m2/repository/org/springframework/boot/spring-boot-starter/3.1.3/spring-boot-starter-3.1.3.jar:/home/user/.m2/repository/org/springframework/boot/spring-boot/3.1.3/spring-boot-3.1.3.jar:/home/user/.m2/repository/org/springframework/spring-context/6.0.11/spring-context-6.0.11.jar:/home/user/.m2/repository/org/springframework/spring-aop/6.0.11/spring-aop-6.0.11.jar:/home/user/.m2/repository/org/springframework/spring-beans/6.0.11/spring-beans-6.0.11.jar:/home/user/.m2/repository/org/springframework/spring-expression/6.0.11/spring-expression-6.0.11.jar:/home/user/.m2/repository/org/springframework/boot/spring-boot-autoconfigure/3.1.3/spring-boot-autoconfigure-3.1.3.jar:/home/user/.m2/repository/org/springframework/boot/spring-boot-starter-logging/3.1.3/spring-boot-starter-logging-3.1.3.jar:/home/user/.m2/repository/ch/qos/logback/logback-classic/1.4.11/logback-classic-1.4.11.jar:/home/user/.m2/repository/ch/qos/logback/logback-core/1.4.11/logback-core-1.4.11.jar:/home/user/.m2/repository/org/apache/logging/log4j/log4j-to-slf4j/2.20.0/log4j-to-slf4j-2.20.0.jar:/home/user/.m2/repository/org/apache/logging/log4j/log4j-api/2.20.0/log4j-api-2.20.0.jar:/home/user/.m2/repository/org/slf4j/jul-to-slf4j/2.0.7/jul-to-slf4j-2.0.7.jar:/home/user/.m2/repository/jakarta/annotation/jakarta.annotation-api/2.1.1/jakarta.annotation-api-2.1.1.jar:/home/user/.m2/repository/org/springframework/spring-core/6.0.11/spring-core-6.0.11.jar:/home/user/.m2/repository/org/springframework/spring-jcl/6.0.11/spring-jcl-6.0.11.jar:/home/user/.m2/repository/org/yaml/snakeyaml/1.33/snakeyaml-1.33.jar:/home/user/.m2/repository/org/projectlombok/lombok/1.18.28/lombok-1.18.28.jar:/home/user/.m2/repository/org/springframework/boot/spring-boot-starter-test/3.1.3/spring-boot-starter-test-3.1.3.jar:/home/user/.m2/repository/org/springframework/boot/spring-boot-test/3.1.3/spring-boot-test-3.1.3.jar:/home/user/.m2/repository/org/springframework/boot/spring-boot-test-autoconfigure/3.1.3/spring-boot-test-autoconfigure-3.1.3.jar:/home/user/.m2/repository/com/jayway/jsonpath/json-path/2.8.0/json-path-2.8.0.jar:/home/user/.m2/repository/jakarta/xml/bind/jakarta.xml.bind-api/4.0.0/jakarta.xml.bind-api-4.0.0.jar:/home/user/.m2/repository/jakarta/activation/jakarta.activation-api/2.1.2/jakarta.activation-api-2.1.2.jar:/home/user/.m2/repository/net/minidev/json-smart/2.4.11/json-smart-2.4.11.jar:/home/user/.m2/repository/net/minidev/accessors-smart/2.4.11/accessors-smart-2.4.11.jar:/home/user/.m2/repository/org/ow2/asm/asm/9.3/asm-9.3.jar:/home/user/.m2/repository/org/assertj/assertj-core/3.24.2/assertj-core-3.24.2.jar:/home/user/.m2/repository/net/bytebuddy/byte-buddy/1.14.6/byte-buddy-1.14.6.jar:/home/user/.m2/repository/org/junit/jupiter/junit-jupiter/5.9.3/junit-jupiter-5.9.3.jar:/home/user/.m2/repository/org/junit/jupiter/junit-jupiter-api/5.9.3/junit-jupiter-api-5.9.3.jar:/home/user/.m2/repository/org/opentest4j/opentest4j/1.2.0/opentest4j-1.2.0.jar:/home/user/.m2/repository/org/junit/platform/junit-platform-commons/1.9.3/junit-platform-commons-1.9.3.jar:/home/user/.m2/repository/org/apiguardian/apiguardian-api/1.1.2/apiguardian-api-1.1.2.jar:/home/user/.m2/repository/org/junit/jupiter/junit-jupiter-params/5.9.3/junit-jupiter-params-5.9.3.jar:/home/user/.m2/repository/org/junit/jupiter/junit-jupiter-engine/5.9.3/junit-jupiter-engine-5.9.3.jar:/home/user/.m2/repository/org/junit/platform/junit-platform-engine/1.9.3/junit-platform-engine-1.9.3.jar:/home/user/.m2/repository/org/mockito/mockito-core/5.3.1/mockito-core-5.3.1.jar:/home/user/.m2/repository/net/bytebuddy/byte-buddy-agent/1.14.6/byte-buddy-agent-1.14.6.jar:/home/user/.m2/repository/org/objenesis/objenesis/3.3/objenesis-3.3.jar:/home/user/.m2/repository/org/mockito/mockito-junit-jupiter/5.3.1/mockito-junit-jupiter-5.3.1.jar:/home/user/.m2/repository/org/skyscreamer/jsonassert/1.5.1/jsonassert-1.5.1.jar:/home/user/.m2/repository/com/vaadin/external/google/android-json/0.0.20131108.vaadin1/android-json-0.0.20131108.vaadin1.jar:/home/user/.m2/repository/org/springframework/spring-test/6.0.11/spring-test-6.0.11.jar:/home/user/.m2/repository/org/xmlunit/xmlunit-core/2.9.1/xmlunit-core-2.9.1.jar:/home/user/.m2/repository/org/seleniumhq/selenium/selenium-java/4.29.0/selenium-java-4.29.0.jar:/home/user/.m2/repository/org/seleniumhq/selenium/selenium-api/4.29.0/selenium-api-4.29.0.jar:/home/user/.m2/repository/org/jspecify/jspecify/1.0.0/jspecify-1.0.0.jar:/home/user/.m2/repository/org/seleniumhq/selenium/selenium-chrome-driver/4.29.0/selenium-chrome-driver-4.29.0.jar:/home/user/.m2/repository/com/google/auto/service/auto-service-annotations/1.1.1/auto-service-annotations-1.1.1.jar:/home/user/.m2/repository/org/seleniumhq/selenium/selenium-chromium-driver/4.29.0/selenium-chromium-driver-4.29.0.jar:/home/user/.m2/repository/org/seleniumhq/selenium/selenium-json/4.29.0/selenium-json-4.29.0.jar:/home/user/.m2/repository/org/seleniumhq/selenium/selenium-manager/4.29.0/selenium-manager-4.29.0.jar:/home/user/.m2/repository/org/seleniumhq/selenium/selenium-devtools-v131/4.29.0/selenium-devtools-v131-4.29.0.jar:/home/user/.m2/repository/org/seleniumhq/selenium/selenium-devtools-v132/4.29.0/selenium-devtools-v132-4.29.0.jar:/home/user/.m2/repository/org/seleniumhq/selenium/selenium-devtools-v133/4.29.0/selenium-devtools-v133-4.29.0.jar:/home/user/.m2/repository/org/seleniumhq/selenium/selenium-devtools-v85/4.29.0/selenium-devtools-v85-4.29.0.jar:/home/user/.m2/repository/org/seleniumhq/selenium/selenium-edge-driver/4.29.0/selenium-edge-driver-4.29.0.jar:/home/user/.m2/repository/org/seleniumhq/selenium/selenium-firefox-driver/4.29.0/selenium-firefox-driver-4.29.0.jar:/home/user/.m2/repository/org/seleniumhq/selenium/selenium-http/4.29.0/selenium-http-4.29.0.jar:/home/user/.m2/repository/org/seleniumhq/selenium/selenium-ie-driver/4.29.0/selenium-ie-driver-4.29.0.jar:/home/user/.m2/repository/org/seleniumhq/selenium/selenium-remote-driver/4.29.0/selenium-remote-driver-4.29.0.jar:/home/user/.m2/repository/com/google/guava/guava/33.4.0-jre/guava-33.4.0-jre.jar:/home/user/.m2/repository/com/google/guava/failureaccess/1.0.2/failureaccess-1.0.2.jar:/home/user/.m2/repository/com/google/guava/listenablefuture/9999.0-empty-to-avoid-conflict-with-guava/listenablefuture-9999.0-empty-to-avoid-conflict-with-guava.jar:/home/user/.m2/repository/com/google/code/findbugs/jsr305/3.0.2/jsr305-3.0.2.jar:/home/user/.m2/repository/org/checkerframework/checker-qual/3.43.0/checker-qual-3.43.0.jar:/home/user/.m2/repository/com/google/errorprone/error_prone_annotations/2.36.0/error_prone_annotations-2.36.0.jar:/home/user/.m2/repository/com/google/j2objc/j2objc-annotations/3.0.0/j2objc-annotations-3.0.0.jar:/home/user/.m2/repository/io/opentelemetry/semconv/opentelemetry-semconv/1.28.0-alpha/opentelemetry-semconv-1.28.0-alpha.jar:/home/user/.m2/repository/io/opentelemetry/opentelemetry-api/1.25.0/opentelemetry-api-1.25.0.jar:/home/user/.m2/repository/io/opentelemetry/opentelemetry-context/1.25.0/opentelemetry-context-1.25.0.jar:/home/user/.m2/repository/io/opentelemetry/opentelemetry-exporter-logging/1.25.0/opentelemetry-exporter-logging-1.25.0.jar:/home/user/.m2/repository/io/opentelemetry/opentelemetry-sdk-metrics/1.25.0/opentelemetry-sdk-metrics-1.25.0.jar:/home/user/.m2/repository/io/opentelemetry/opentelemetry-sdk-logs/1.25.0-alpha/opentelemetry-sdk-logs-1.25.0-alpha.jar:/home/user/.m2/repository/io/opentelemetry/opentelemetry-api-logs/1.25.0-alpha/opentelemetry-api-logs-1.25.0-alpha.jar:/home/user/.m2/repository/io/opentelemetry/opentelemetry-api-events/1.25.0-alpha/opentelemetry-api-events-1.25.0-alpha.jar:/home/user/.m2/repository/io/opentelemetry/opentelemetry-sdk-common/1.25.0/opentelemetry-sdk-common-1.25.0.jar:/home/user/.m2/repository/io/opentelemetry/opentelemetry-semconv/1.25.0-alpha/opentelemetry-semconv-1.25.0-alpha.jar:/home/user/.m2/repository/io/opentelemetry/opentelemetry-sdk-extension-autoconfigure-spi/1.25.0/opentelemetry-sdk-extension-autoconfigure-spi-1.25.0.jar:/home/user/.m2/repository/io/opentelemetry/opentelemetry-sdk-extension-autoconfigure/1.46.0/opentelemetry-sdk-extension-autoconfigure-1.46.0.jar:/home/user/.m2/repository/io/opentelemetry/opentelemetry-api-incubator/1.46.0-alpha/opentelemetry-api-incubator-1.46.0-alpha.jar:/home/user/.m2/repository/io/opentelemetry/opentelemetry-sdk-trace/1.25.0/opentelemetry-sdk-trace-1.25.0.jar:/home/user/.m2/repository/io/opentelemetry/opentelemetry-sdk/1.25.0/opentelemetry-sdk-1.25.0.jar:/home/user/.m2/repository/org/seleniumhq/selenium/selenium-os/4.29.0/selenium-os-4.29.0.jar:/home/user/.m2/repository/org/apache/commons/commons-exec/1.4.0/commons-exec-1.4.0.jar:/home/user/.m2/repository/org/seleniumhq/selenium/selenium-safari-driver/4.29.0/selenium-safari-driver-4.29.0.jar:/home/user/.m2/repository/org/seleniumhq/selenium/selenium-support/4.29.0/selenium-support-4.29.0.jar:/home/user/.m2/repository/org/testng/testng/7.7.1/testng-7.7.1.jar:/home/user/.m2/repository/org/slf4j/slf4j-api/2.0.7/slf4j-api-2.0.7.jar:/home/user/.m2/repository/com/beust/jcommander/1.82/jcommander-1.82.jar:/home/user/.m2/repository/org/webjars/jquery/3.6.1/jquery-3.6.1.jar:/home/user/.m2/repository/io/github/bonigarcia/webdrivermanager/5.5.3/webdrivermanager-5.5.3.jar:/home/user/.m2/repository/com/google/code/gson/gson/2.10.1/gson-2.10.1.jar:/home/user/.m2/repository/com/github/docker-java/docker-java/3.3.3/docker-java-3.3.3.jar:/home/user/.m2/repository/com/github/docker-java/docker-java-core/3.3.3/docker-java-core-3.3.3.jar:/home/user/.m2/repository/com/github/docker-java/docker-java-api/3.3.3/docker-java-api-3.3.3.jar:/home/user/.m2/repository/com/fasterxml/jackson/core/jackson-annotations/2.15.2/jackson-annotations-2.15.2.jar:/home/user/.m2/repository/commons-io/commons-io/2.6/commons-io-2.6.jar:/home/user/.m2/repository/org/apache/commons/commons-compress/1.21/commons-compress-1.21.jar:/home/user/.m2/repository/com/fasterxml/jackson/core/jackson-databind/2.15.2/jackson-databind-2.15.2.jar:/home/user/.m2/repository/com/fasterxml/jackson/core/jackson-core/2.15.2/jackson-core-2.15.2.jar:/home/user/.m2/repository/org/bouncycastle/bcpkix-jdk18on/1.75/bcpkix-jdk18on-1.75.jar:/home/user/.m2/repository/org/bouncycastle/bcprov-jdk18on/1.75/bcprov-jdk18on-1.75.jar:/home/user/.m2/repository/org/bouncycastle/bcutil-jdk18on/1.75/bcutil-jdk18on-1.75.jar:/home/user/.m2/repository/org/slf4j/jcl-over-slf4j/2.0.7/jcl-over-slf4j-2.0.7.jar:/home/user/.m2/repository/com/github/docker-java/docker-java-transport-httpclient5/3.3.3/docker-java-transport-httpclient5-3.3.3.jar:/home/user/.m2/repository/com/github/docker-java/docker-java-transport/3.3.3/docker-java-transport-3.3.3.jar:/home/user/.m2/repository/net/java/dev/jna/jna/5.12.1/jna-5.12.1.jar:/home/user/.m2/repository/org/brotli/dec/0.1.2/dec-0.1.2.jar:/home/user/.m2/repository/org/apache/commons/commons-lang3/3.12.0/commons-lang3-3.12.0.jar:/home/user/.m2/repository/org/apache/httpcomponents/client5/httpclient5/5.2.1/httpclient5-5.2.1.jar:/home/user/.m2/repository/org/apache/httpcomponents/core5/httpcore5/5.2.2/httpcore5-5.2.2.jar:/home/user/.m2/repository/org/apache/httpcomponents/core5/httpcore5-h2/5.2.2/httpcore5-h2-5.2.2.jar:/home/user/.m2/repository/org/springframework/boot/spring-boot-configuration-processor/3.1.3/spring-boot-configuration-processor-3.1.3.jar:/home/user/.m2/repository/io/qameta/allure/allure-testng/2.24.0/allure-testng-2.24.0.jar:/home/user/.m2/repository/io/qameta/allure/allure-java-commons/2.24.0/allure-java-commons-2.24.0.jar:/home/user/.m2/repository/io/qameta/allure/allure-model/2.24.0/allure-model-2.24.0.jar:/home/user/.m2/repository/io/qameta/allure/allure-test-filter/2.24.0/allure-test-filter-2.24.0.jar:/home/user/.m2/repository/org/hamcrest/hamcrest/2.2/hamcrest-2.2.jar:/home/user/.m2/repository/org/sonarsource/scanner/maven/sonar-maven-plugin/3.9.1.2184/sonar-maven-plugin-3.9.1.2184.jar:/home/user/.m2/repository/org/sonatype/plexus/plexus-sec-dispatcher/1.4/plexus-sec-dispatcher-1.4.jar:/home/user/.m2/repository/org/sonatype/plexus/plexus-cipher/1.4/plexus-cipher-1.4.jar:/home/user/.m2/repository/org/codehaus/plexus/plexus-utils/3.2.1/plexus-utils-3.2.1.jar:/home/user/.m2/repository/org/sonarsource/scanner/api/sonar-scanner-api/2.16.2.588/sonar-scanner-api-2.16.2.588.jar:/home/user/.m2/repository/commons-lang/commons-lang/2.6/commons-lang-2.6.jar:/home/user/.m2/repository/org/aspectj/aspectjweaver/1.9.20/aspectjweaver-1.9.20.jar:/home/user/.m2/repository/com/github/javafaker/javafaker/1.0.2/javafaker-1.0.2.jar:/home/user/.m2/repository/org/yaml/snakeyaml/1.23/snakeyaml-1.23-android.jar:/home/user/.m2/repository/com/github/mifmif/generex/1.0.2/generex-1.0.2.jar:/home/user/.m2/repository/dk/brics/automaton/automaton/1.11-8/automaton-1.11-8.jar:"/>
    <property name="sun.cpu.endian" value="little"/>
    <property name="user.home" value="/home/user"/>
    <property name="user.language" value="en"/>
    <property name="java.specification.vendor" value="Oracle Corporation"/>
    <property name="java.version.date" value="2025-01-21"/>
    <property name="java.home" value="/usr/lib/jvm/java-17-openjdk-amd64"/>
    <property name="file.separator" value="/"/>
    <property name="basedir" value="/home/user/Documents/devStuff/Spring-Boot-Automation-Framework"/>
    <property name="java.vm.compressedOopsMode" value="32-bit"/>
    <property name="line.separator" value="&#10;"/>
    <property name="java.vm.specification.vendor" value="Oracle Corporation"/>
    <property name="java.specification.name" value="Java Platform API Specification"/>
    <property name="FILE_LOG_CHARSET" value="UTF-8"/>
    <property name="java.awt.headless" value="true"/>
    <property name="surefire.real.class.path" value="/home/user/Documents/devStuff/Spring-Boot-Automation-Framework/target/surefire/surefirebooter-20250318221315833_3.jar"/>
    <property name="sun.management.compiler" value="HotSpot 64-Bit Tiered Compilers"/>
    <property name="java.runtime.version" value="17.0.14+7-Ubuntu-120.04"/>
    <property name="user.name" value="user"/>
    <property name="path.separator" value=":"/>
    <property name="os.version" value="5.15.0-25-generic"/>
    <property name="java.runtime.name" value="OpenJDK Runtime Environment"/>
    <property name="file.encoding" value="UTF-8"/>
    <property name="java.vm.name" value="OpenJDK 64-Bit Server VM"/>
    <property name="maven.ext.class.path" value="/home/user/.vscode/extensions/oracle.oracle-java-23.1.0/nbcode/java/maven-nblib/netbeans-eventspy.jar"/>
    <property name="localRepository" value="/home/user/.m2/repository"/>
    <property name="java.vendor.url.bug" value="https://bugs.launchpad.net/ubuntu/+source/openjdk-17"/>
    <property name="java.io.tmpdir" value="/tmp"/>
    <property name="java.version" value="17.0.14"/>
    <property name="user.dir" value="/home/user/Documents/devStuff/Spring-Boot-Automation-Framework"/>
    <property name="os.arch" value="amd64"/>
    <property name="java.vm.specification.name" value="Java Virtual Machine Specification"/>
    <property name="PID" value="101532"/>
    <property name="CONSOLE_LOG_CHARSET" value="UTF-8"/>
    <property name="native.encoding" value="UTF-8"/>
    <property name="java.library.path" value="/usr/java/packages/lib:/usr/lib/x86_64-linux-gnu/jni:/lib/x86_64-linux-gnu:/usr/lib/x86_64-linux-gnu:/usr/lib/jni:/lib:/usr/lib"/>
    <property name="java.vm.info" value="mixed mode, sharing"/>
    <property name="java.vendor" value="Ubuntu"/>
    <property name="java.vm.version" value="17.0.14+7-Ubuntu-120.04"/>
    <property name="java.specification.maintenance.version" value="1"/>
    <property name="sun.io.unicode.encoding" value="UnicodeLittle"/>
    <property name="java.class.version" value="61.0"/>
  </properties>
  <testcase name="sanityCheck" classname="com.auto.framework.ElementTests" time="4.333">
    <system-out><![CDATA[22:13:17.031 [main] INFO org.springframework.test.context.support.AnnotationConfigContextLoaderUtils -- Could not detect default configuration classes for test class [com.auto.framework.ElementTests]: ElementTests does not declare any static, non-private, non-final, nested classes annotated with @Configuration.
22:13:17.242 [main] INFO org.springframework.boot.test.context.SpringBootTestContextBootstrapper -- Found @SpringBootConfiguration com.auto.framework.SpringAutoFrameworkApplication for test class com.auto.framework.ElementTests

  .   ____          _            __ _ _
 /\\ / ___'_ __ _ _(_)_ __  __ _ \ \ \ \
( ( )\___ | '_ | '_| | '_ \/ _` | \ \ \ \
 \\/  ___)| |_)| | | | | || (_| |  ) ) ) )
  '  |____| .__|_| |_|_| |_\__, | / / / /
 =========|_|==============|___/=/_/_/_/
 :: Spring Boot ::                (v3.1.3)

2025-03-18T22:13:17.974+02:00  INFO 101532 --- [           main] com.auto.framework.ElementTests          : Starting ElementTests using Java 17.0.14 with PID 101532 (/home/user/Documents/devStuff/Spring-Boot-Automation-Framework/target/test-classes started by user in /home/user/Documents/devStuff/Spring-Boot-Automation-Framework)
2025-03-18T22:13:17.977+02:00  INFO 101532 --- [           main] com.auto.framework.ElementTests          : No active profile set, falling back to 1 default profile: "default"
2025-03-18T22:13:18.940+02:00  INFO 101532 --- [           main] com.auto.framework.ElementTests          : Started ElementTests in 1.333 seconds (process running for 2.995)
2025-03-18T22:13:20.057+02:00  INFO 101532 --- [           main] c.auto.framework.listeners.TestListener  : Started: sanityCheck
2025-03-18T22:13:20.176+02:00  INFO 101532 --- [           main] com.auto.framework.actions.UIElements    : Loading https://demoqa.com/elements
2025-03-18T22:13:20.216+02:00  INFO 101532 --- [           main] c.auto.framework.config.WebDriverConfig  : Creating Driver
2025-03-18T22:13:20.829+02:00  INFO 101532 --- [           main] i.g.bonigarcia.wdm.WebDriverManager      : Using chromedriver 134.0.6998.88 (resolved driver for Chrome 134)
2025-03-18T22:13:20.845+02:00  INFO 101532 --- [           main] i.g.bonigarcia.wdm.WebDriverManager      : Exporting webdriver.chrome.driver as /home/user/.cache/selenium/chromedriver/linux64/134.0.6998.88/chromedriver
2025-03-18T22:13:22.039+02:00  WARN 101532 --- [           main] o.o.selenium.devtools.CdpVersionFinder   : Unable to find an exact match for CDP version 134, returning the closest version; found: 133; Please update to a Selenium version that supports CDP version 134
2025-03-18T22:13:22.072+02:00  WARN 101532 --- [           main] o.s.context.support.SimpleThreadScope    : SimpleThreadScope does not support destruction callbacks. Consider using RequestScope in a web environment.
]]></system-out>
  </testcase>
</testsuite>