<?xml version="1.0" encoding="UTF-8"?>
<!-- Generated by org.testng.reporters.JUnitReportReporter -->
<testsuite hostname="user-Allbook-I-1" failures="0" tests="1" name="com.auto.framework.ElementTests" time="7.033" errors="0" timestamp="2025-03-18T22:13:25 EET" skipped="0">
  <testcase classname="com.auto.framework.ElementTests" name="sanityCheck" time="7.033"/>
  <system-out/>
</testsuite> <!-- com.auto.framework.ElementTests -->
